app/build/intermediates/manifest_merge_blame_file/debug/manifest-merger-blame-debug-report.txt
1<?xml version="1.0" encoding="utf-8"?>
2<manifest xmlns:android="http://schemas.android.com/apk/res/android"
3    package="com.jrutkin.listwiz"
4    android:versionCode="1"
5    android:versionName="1.0" >
6
7    <uses-sdk
8        android:minSdkVersion="24"
8-->src/main/AndroidManifest.xml
9        android:targetSdkVersion="32" />
9-->src/main/AndroidManifest.xml
10
11    <uses-permission android:name="android.permission.INTERNET" />
11-->[com.amplifyframework:aws-api:2.0.0] AndroidManifest.xml:24:5-67
11-->[com.amplifyframework:aws-api:2.0.0] AndroidManifest.xml:24:22-64
12
13    <queries>
13-->[com.amplifyframework:aws-auth-cognito:2.0.0] AndroidManifest.xml:24:5-33:15
14        <intent>
14-->[com.amplifyframework:aws-auth-cognito:2.0.0] AndroidManifest.xml:25:9-29:18
15            <action android:name="android.intent.action.VIEW" />
15-->[com.amplifyframework:aws-auth-cognito:2.0.0] AndroidManifest.xml:26:13-65
15-->[com.amplifyframework:aws-auth-cognito:2.0.0] AndroidManifest.xml:26:21-62
16
17            <data android:scheme="https" />
17-->[com.amplifyframework:aws-auth-cognito:2.0.0] AndroidManifest.xml:28:13-44
17-->[com.amplifyframework:aws-auth-cognito:2.0.0] AndroidManifest.xml:28:19-41
18        </intent>
19        <intent>
19-->[com.amplifyframework:aws-auth-cognito:2.0.0] AndroidManifest.xml:30:9-32:18
20            <action android:name="android.support.customtabs.action.CustomTabsService" />
20-->[com.amplifyframework:aws-auth-cognito:2.0.0] AndroidManifest.xml:31:13-90
20-->[com.amplifyframework:aws-auth-cognito:2.0.0] AndroidManifest.xml:31:21-87
21        </intent>
22    </queries> <!-- Permission will be merged into the manifest of the hosting app. -->
23    <!-- Is required to launch foreground extraction service for targetSdkVersion 28+. -->
24    <uses-permission android:name="android.permission.FOREGROUND_SERVICE" />
24-->[com.google.android.play:core:1.9.1] AndroidManifest.xml:8:3-74
24-->[com.google.android.play:core:1.9.1] AndroidManifest.xml:8:20-72
25
26    <application
26-->src/main/AndroidManifest.xml:5:5-78:19
27        android:name="com.jrutkin.listwiz.ListWizAmplifyApplication"
27-->src/main/AndroidManifest.xml:6:9-50
28        android:allowBackup="true"
28-->src/main/AndroidManifest.xml:7:9-35
29        android:appComponentFactory="androidx.core.app.CoreComponentFactory"
29-->[androidx.core:core:1.8.0] AndroidManifest.xml:24:18-86
30        android:dataExtractionRules="@xml/data_extraction_rules"
30-->src/main/AndroidManifest.xml:8:9-65
31        android:debuggable="true"
32        android:extractNativeLibs="false"
33        android:fullBackupContent="@xml/backup_rules"
33-->src/main/AndroidManifest.xml:9:9-54
34        android:icon="@mipmap/ic_launcher"
34-->src/main/AndroidManifest.xml:10:9-43
35        android:label="@string/app_name"
35-->src/main/AndroidManifest.xml:11:9-41
36        android:roundIcon="@mipmap/ic_launcher_round"
36-->src/main/AndroidManifest.xml:12:9-54
37        android:supportsRtl="true"
37-->src/main/AndroidManifest.xml:13:9-35
38        android:testOnly="true"
39        android:theme="@style/Theme.ListWiz" >
39-->src/main/AndroidManifest.xml:14:9-45
40        <activity
40-->src/main/AndroidManifest.xml:16:9-22:20
41            android:name="com.jrutkin.listwiz.activities.auth.VerifySignUpActivity"
41-->src/main/AndroidManifest.xml:17:13-65
42            android:exported="false" >
42-->src/main/AndroidManifest.xml:18:13-37
43            <meta-data
43-->src/main/AndroidManifest.xml:19:13-21:36
44                android:name="android.app.lib_name"
44-->src/main/AndroidManifest.xml:20:17-52
45                android:value="" />
45-->src/main/AndroidManifest.xml:21:17-33
46        </activity>
47        <activity
47-->src/main/AndroidManifest.xml:23:9-29:20
48            android:name="com.jrutkin.listwiz.activities.auth.SignInActivity"
48-->src/main/AndroidManifest.xml:24:13-59
49            android:exported="false" >
49-->src/main/AndroidManifest.xml:25:13-37
50            <meta-data
50-->src/main/AndroidManifest.xml:19:13-21:36
51                android:name="android.app.lib_name"
51-->src/main/AndroidManifest.xml:20:17-52
52                android:value="" />
52-->src/main/AndroidManifest.xml:21:17-33
53        </activity>
54        <activity
54-->src/main/AndroidManifest.xml:30:9-36:20
55            android:name="com.jrutkin.listwiz.activities.auth.SignUpActivity"
55-->src/main/AndroidManifest.xml:31:13-59
56            android:exported="false" >
56-->src/main/AndroidManifest.xml:32:13-37
57            <meta-data
57-->src/main/AndroidManifest.xml:19:13-21:36
58                android:name="android.app.lib_name"
58-->src/main/AndroidManifest.xml:20:17-52
59                android:value="" />
59-->src/main/AndroidManifest.xml:21:17-33
60        </activity>
61        <activity
61-->src/main/AndroidManifest.xml:37:9-43:20
62            android:name="com.jrutkin.listwiz.activities.TaskDetailActivity"
62-->src/main/AndroidManifest.xml:38:13-58
63            android:exported="false" >
63-->src/main/AndroidManifest.xml:39:13-37
64            <meta-data
64-->src/main/AndroidManifest.xml:19:13-21:36
65                android:name="android.app.lib_name"
65-->src/main/AndroidManifest.xml:20:17-52
66                android:value="" />
66-->src/main/AndroidManifest.xml:21:17-33
67        </activity>
68        <activity
68-->src/main/AndroidManifest.xml:44:9-50:20
69            android:name="com.jrutkin.listwiz.activities.UserProfileActivity"
69-->src/main/AndroidManifest.xml:45:13-59
70            android:exported="false" >
70-->src/main/AndroidManifest.xml:46:13-37
71            <meta-data
71-->src/main/AndroidManifest.xml:19:13-21:36
72                android:name="android.app.lib_name"
72-->src/main/AndroidManifest.xml:20:17-52
73                android:value="" />
73-->src/main/AndroidManifest.xml:21:17-33
74        </activity>
75        <activity
75-->src/main/AndroidManifest.xml:51:9-57:20
76            android:name="com.jrutkin.listwiz.activities.AllTasksActivity"
76-->src/main/AndroidManifest.xml:52:13-56
77            android:exported="false" >
77-->src/main/AndroidManifest.xml:53:13-37
78            <meta-data
78-->src/main/AndroidManifest.xml:19:13-21:36
79                android:name="android.app.lib_name"
79-->src/main/AndroidManifest.xml:20:17-52
80                android:value="" />
80-->src/main/AndroidManifest.xml:21:17-33
81        </activity>
82        <activity
82-->src/main/AndroidManifest.xml:58:9-64:20
83            android:name="com.jrutkin.listwiz.activities.AddTaskActivity"
83-->src/main/AndroidManifest.xml:59:13-55
84            android:exported="false" >
84-->src/main/AndroidManifest.xml:60:13-37
85            <meta-data
85-->src/main/AndroidManifest.xml:19:13-21:36
86                android:name="android.app.lib_name"
86-->src/main/AndroidManifest.xml:20:17-52
87                android:value="" />
87-->src/main/AndroidManifest.xml:21:17-33
88        </activity>
89        <activity
89-->src/main/AndroidManifest.xml:65:9-77:20
90            android:name="com.jrutkin.listwiz.activities.MainActivity"
90-->src/main/AndroidManifest.xml:66:13-52
91            android:exported="true" >
91-->src/main/AndroidManifest.xml:67:13-36
92            <intent-filter>
92-->src/main/AndroidManifest.xml:68:13-72:29
93                <action android:name="android.intent.action.MAIN" />
93-->src/main/AndroidManifest.xml:69:17-69
93-->src/main/AndroidManifest.xml:69:25-66
94
95                <category android:name="android.intent.category.LAUNCHER" />
95-->src/main/AndroidManifest.xml:71:17-77
95-->src/main/AndroidManifest.xml:71:27-74
96            </intent-filter>
97
98            <meta-data
98-->src/main/AndroidManifest.xml:19:13-21:36
99                android:name="android.app.lib_name"
99-->src/main/AndroidManifest.xml:20:17-52
100                android:value="" />
100-->src/main/AndroidManifest.xml:21:17-33
101        </activity>
102        <activity
102-->[com.amplifyframework:aws-auth-cognito:2.0.0] AndroidManifest.xml:36:9-40:75
103            android:name="com.amplifyframework.auth.cognito.activities.CustomTabsManagerActivity"
103-->[com.amplifyframework:aws-auth-cognito:2.0.0] AndroidManifest.xml:37:13-98
104            android:exported="false"
104-->[com.amplifyframework:aws-auth-cognito:2.0.0] AndroidManifest.xml:38:13-37
105            android:launchMode="singleTask"
105-->[com.amplifyframework:aws-auth-cognito:2.0.0] AndroidManifest.xml:39:13-44
106            android:theme="@android:style/Theme.Translucent.NoTitleBar" />
106-->[com.amplifyframework:aws-auth-cognito:2.0.0] AndroidManifest.xml:40:13-72
107        <activity
107-->[com.amplifyframework:core:2.0.0] AndroidManifest.xml:27:9-29:54
108            android:name="com.amplifyframework.devmenu.DeveloperMenuActivity"
108-->[com.amplifyframework:core:2.0.0] AndroidManifest.xml:28:13-78
109            android:theme="@style/OverlayActivity" />
109-->[com.amplifyframework:core:2.0.0] AndroidManifest.xml:29:13-51
110
111        <provider
111-->[androidx.emoji2:emoji2:1.2.0] AndroidManifest.xml:24:9-32:20
112            android:name="androidx.startup.InitializationProvider"
112-->[androidx.emoji2:emoji2:1.2.0] AndroidManifest.xml:25:13-67
113            android:authorities="com.jrutkin.listwiz.androidx-startup"
113-->[androidx.emoji2:emoji2:1.2.0] AndroidManifest.xml:26:13-68
114            android:exported="false" >
114-->[androidx.emoji2:emoji2:1.2.0] AndroidManifest.xml:27:13-37
115            <meta-data
115-->[androidx.emoji2:emoji2:1.2.0] AndroidManifest.xml:29:13-31:52
116                android:name="androidx.emoji2.text.EmojiCompatInitializer"
116-->[androidx.emoji2:emoji2:1.2.0] AndroidManifest.xml:30:17-75
117                android:value="androidx.startup" />
117-->[androidx.emoji2:emoji2:1.2.0] AndroidManifest.xml:31:17-49
118            <meta-data
118-->[androidx.lifecycle:lifecycle-process:2.4.1] AndroidManifest.xml:31:13-33:52
119                android:name="androidx.lifecycle.ProcessLifecycleInitializer"
119-->[androidx.lifecycle:lifecycle-process:2.4.1] AndroidManifest.xml:32:17-78
120                android:value="androidx.startup" />
120-->[androidx.lifecycle:lifecycle-process:2.4.1] AndroidManifest.xml:33:17-49
121        </provider> <!-- The activities will be merged into the manifest of the hosting app. -->
122        <activity
122-->[com.google.android.play:core:1.9.1] AndroidManifest.xml:12:5-271
123            android:name="com.google.android.play.core.missingsplits.PlayCoreMissingSplitsActivity"
123-->[com.google.android.play:core:1.9.1] AndroidManifest.xml:12:15-102
124            android:enabled="false"
124-->[com.google.android.play:core:1.9.1] AndroidManifest.xml:12:103-126
125            android:exported="false"
125-->[com.google.android.play:core:1.9.1] AndroidManifest.xml:12:127-151
126            android:launchMode="singleInstance"
126-->[com.google.android.play:core:1.9.1] AndroidManifest.xml:12:204-239
127            android:process=":playcore_missing_splits_activity"
127-->[com.google.android.play:core:1.9.1] AndroidManifest.xml:12:152-203
128            android:stateNotNeeded="true" />
128-->[com.google.android.play:core:1.9.1] AndroidManifest.xml:12:240-269
129        <activity
129-->[com.google.android.play:core:1.9.1] AndroidManifest.xml:13:5-226
130            android:name="com.google.android.play.core.common.PlayCoreDialogWrapperActivity"
130-->[com.google.android.play:core:1.9.1] AndroidManifest.xml:13:15-95
131            android:enabled="false"
131-->[com.google.android.play:core:1.9.1] AndroidManifest.xml:13:96-119
132            android:exported="false"
132-->[com.google.android.play:core:1.9.1] AndroidManifest.xml:13:120-144
133            android:stateNotNeeded="true"
133-->[com.google.android.play:core:1.9.1] AndroidManifest.xml:13:145-174
134            android:theme="@style/Theme.PlayCore.Transparent" /> <!-- The services will be merged into the manifest of the hosting app. -->
134-->[com.google.android.play:core:1.9.1] AndroidManifest.xml:13:175-224
135        <service
135-->[com.google.android.play:core:1.9.1] AndroidManifest.xml:16:5-18:15
136            android:name="com.google.android.play.core.assetpacks.AssetPackExtractionService"
136-->[com.google.android.play:core:1.9.1] AndroidManifest.xml:16:14-95
137            android:enabled="false"
137-->[com.google.android.play:core:1.9.1] AndroidManifest.xml:16:96-119
138            android:exported="true" >
138-->[com.google.android.play:core:1.9.1] AndroidManifest.xml:16:120-143
139            <meta-data
139-->[com.google.android.play:core:1.9.1] AndroidManifest.xml:17:7-108
140                android:name="com.google.android.play.core.assetpacks.versionCode"
140-->[com.google.android.play:core:1.9.1] AndroidManifest.xml:17:18-84
141                android:value="10901" />
141-->[com.google.android.play:core:1.9.1] AndroidManifest.xml:17:85-106
142        </service>
143        <service
143-->[com.google.android.play:core:1.9.1] AndroidManifest.xml:19:5-147
144            android:name="com.google.android.play.core.assetpacks.ExtractionForegroundService"
144-->[com.google.android.play:core:1.9.1] AndroidManifest.xml:19:14-96
145            android:enabled="false"
145-->[com.google.android.play:core:1.9.1] AndroidManifest.xml:19:97-120
146            android:exported="false" />
146-->[com.google.android.play:core:1.9.1] AndroidManifest.xml:19:121-145
147    </application>
148
149</manifest>